\BOOKMARK [1][-]{section.1}{Question 1}{}% 1
\BOOKMARK [2][-]{subsection.1.1}{1.a}{section.1}% 2
\BOOKMARK [3][-]{subsubsection.1.1.1}{1.a.1}{subsection.1.1}% 3
\BOOKMARK [3][-]{subsubsection.1.1.2}{1.a.2}{subsection.1.1}% 4
\BOOKMARK [2][-]{subsection.1.2}{1.b}{section.1}% 5
\BOOKMARK [3][-]{subsubsection.1.2.1}{1.b.1}{subsection.1.2}% 6
\BOOKMARK [3][-]{subsubsection.1.2.2}{1.b.2}{subsection.1.2}% 7
\BOOKMARK [1][-]{section.2}{Question 2}{}% 8
\BOOKMARK [2][-]{subsection.2.1}{2.a}{section.2}% 9
\BOOKMARK [2][-]{subsection.2.2}{2.b}{section.2}% 10
\BOOKMARK [1][-]{section.3}{Question 3}{}% 11
\BOOKMARK [2][-]{subsection.3.1}{3.a}{section.3}% 12
\BOOKMARK [3][-]{subsubsection.3.1.1}{3.a.1}{subsection.3.1}% 13
\BOOKMARK [3][-]{subsubsection.3.1.2}{3.a.2}{subsection.3.1}% 14
\BOOKMARK [3][-]{subsubsection.3.1.3}{3.a.3}{subsection.3.1}% 15
\BOOKMARK [3][-]{subsubsection.3.1.4}{3.a.4}{subsection.3.1}% 16
\BOOKMARK [3][-]{subsubsection.3.1.5}{3.a.5}{subsection.3.1}% 17
\BOOKMARK [2][-]{subsection.3.2}{3.b}{section.3}% 18
\BOOKMARK [2][-]{subsection.3.3}{3.c}{section.3}% 19
\BOOKMARK [1][-]{section.4}{Question 4}{}% 20
\BOOKMARK [2][-]{subsection.4.1}{4.a}{section.4}% 21
\BOOKMARK [2][-]{subsection.4.2}{4.b}{section.4}% 22
\BOOKMARK [2][-]{subsection.4.3}{4.c}{section.4}% 23
\BOOKMARK [2][-]{subsection.4.4}{4.d}{section.4}% 24
\BOOKMARK [2][-]{subsection.4.5}{4.e}{section.4}% 25
\BOOKMARK [1][-]{section.5}{Question 5}{}% 26
\BOOKMARK [2][-]{subsection.5.1}{5.a}{section.5}% 27
\BOOKMARK [2][-]{subsection.5.2}{5.b}{section.5}% 28
\BOOKMARK [2][-]{subsection.5.3}{5.c}{section.5}% 29
\BOOKMARK [2][-]{subsection.5.4}{5.d}{section.5}% 30
