\BOOKMARK [1][-]{section.1}{Question 1}{}% 1
\BOOKMARK [2][-]{subsection.1.1}{1.a}{section.1}% 2
\BOOKMARK [2][-]{subsection.1.2}{1.b}{section.1}% 3
\BOOKMARK [2][-]{subsection.1.3}{1.c}{section.1}% 4
\BOOKMARK [2][-]{subsection.1.4}{1.d}{section.1}% 5
\BOOKMARK [2][-]{subsection.1.5}{1.e}{section.1}% 6
\BOOKMARK [2][-]{subsection.1.6}{1.f}{section.1}% 7
\BOOKMARK [2][-]{subsection.1.7}{1.g}{section.1}% 8
\BOOKMARK [1][-]{section.2}{Question 2}{}% 9
\BOOKMARK [2][-]{subsection.2.1}{2.a}{section.2}% 10
\BOOKMARK [2][-]{subsection.2.2}{2.b}{section.2}% 11
\BOOKMARK [2][-]{subsection.2.3}{2.c}{section.2}% 12
\BOOKMARK [2][-]{subsection.2.4}{2.c}{section.2}% 13
\BOOKMARK [1][-]{section.3}{Question 3}{}% 14
\BOOKMARK [2][-]{subsection.3.1}{3.a}{section.3}% 15
\BOOKMARK [2][-]{subsection.3.2}{3.b}{section.3}% 16
\BOOKMARK [2][-]{subsection.3.3}{3.c}{section.3}% 17
\BOOKMARK [1][-]{section.4}{Question 4}{}% 18
\BOOKMARK [2][-]{subsection.4.1}{4.a}{section.4}% 19
\BOOKMARK [2][-]{subsection.4.2}{4.b}{section.4}% 20
\BOOKMARK [2][-]{subsection.4.3}{4.c}{section.4}% 21
\BOOKMARK [2][-]{subsection.4.4}{4.d}{section.4}% 22
\BOOKMARK [1][-]{section.5}{Question 5}{}% 23
\BOOKMARK [2][-]{subsection.5.1}{5.a}{section.5}% 24
\BOOKMARK [2][-]{subsection.5.2}{5.b}{section.5}% 25
\BOOKMARK [2][-]{subsection.5.3}{5.c}{section.5}% 26
\BOOKMARK [2][-]{subsection.5.4}{5.d}{section.5}% 27
\BOOKMARK [2][-]{subsection.5.5}{5.e}{section.5}% 28
