\BOOKMARK [1][-]{section.1}{Question 1}{}% 1
\BOOKMARK [2][-]{subsection.1.1}{1.a}{section.1}% 2
\BOOKMARK [2][-]{subsection.1.2}{1.b}{section.1}% 3
\BOOKMARK [2][-]{subsection.1.3}{1.c}{section.1}% 4
\BOOKMARK [1][-]{section.2}{Question 2}{}% 5
\BOOKMARK [2][-]{subsection.2.1}{2.a}{section.2}% 6
\BOOKMARK [2][-]{subsection.2.2}{2.b}{section.2}% 7
\BOOKMARK [2][-]{subsection.2.3}{2.c}{section.2}% 8
\BOOKMARK [1][-]{section.3}{Question 3}{}% 9
\BOOKMARK [2][-]{subsection.3.1}{3.a}{section.3}% 10
\BOOKMARK [2][-]{subsection.3.2}{3.b}{section.3}% 11
\BOOKMARK [2][-]{subsection.3.3}{3.c}{section.3}% 12
\BOOKMARK [2][-]{subsection.3.4}{3.d}{section.3}% 13
\BOOKMARK [1][-]{section.4}{Question 4}{}% 14
\BOOKMARK [2][-]{subsection.4.1}{4.a}{section.4}% 15
\BOOKMARK [2][-]{subsection.4.2}{4}{section.4}% 16
\BOOKMARK [1][-]{section.5}{Question 5}{}% 17
\BOOKMARK [2][-]{subsection.5.1}{5.a}{section.5}% 18
\BOOKMARK [2][-]{subsection.5.2}{5.b}{section.5}% 19
\BOOKMARK [2][-]{subsection.5.3}{5.c}{section.5}% 20
